0 info it worked if it ends with ok
1 verbose cli [ '/usr/bin/nodejs', '/usr/local/bin/npm', 'start' ]
2 info using npm@3.10.7
3 info using node@v4.6.0
4 verbose run-script [ 'prestart', 'start', 'poststart' ]
5 info lifecycle live-stream@1.0.0~prestart: live-stream@1.0.0
6 silly lifecycle live-stream@1.0.0~prestart: no script for prestart, continuing
7 info lifecycle live-stream@1.0.0~start: live-stream@1.0.0
8 verbose lifecycle live-stream@1.0.0~start: unsafe-perm in lifecycle true
9 verbose lifecycle live-stream@1.0.0~start: PATH: /usr/local/lib/node_modules/npm/bin/node-gyp-bin:/home/vpatidar/live-stream/node_modules/.bin:/usr/local/heroku/bin:/home/vpatidar/.local/share/umake/bin:/usr/local/sbin:/usr/local/bin:/usr/sbin:/usr/bin:/sbin:/bin:/usr/games:/usr/local/games
10 verbose lifecycle live-stream@1.0.0~start: CWD: /home/vpatidar/live-stream
11 silly lifecycle live-stream@1.0.0~start: Args: [ '-c', 'node app.js' ]
12 silly lifecycle live-stream@1.0.0~start: Returned: code: 1  signal: null
13 info lifecycle live-stream@1.0.0~start: Failed to exec start script
14 verbose stack Error: live-stream@1.0.0 start: `node app.js`
14 verbose stack Exit status 1
14 verbose stack     at EventEmitter.<anonymous> (/usr/local/lib/node_modules/npm/lib/utils/lifecycle.js:255:16)
14 verbose stack     at emitTwo (events.js:87:13)
14 verbose stack     at EventEmitter.emit (events.js:172:7)
14 verbose stack     at ChildProcess.<anonymous> (/usr/local/lib/node_modules/npm/lib/utils/spawn.js:40:14)
14 verbose stack     at emitTwo (events.js:87:13)
14 verbose stack     at ChildProcess.emit (events.js:172:7)
14 verbose stack     at maybeClose (internal/child_process.js:829:16)
14 verbose stack     at Process.ChildProcess._handle.onexit (internal/child_process.js:211:5)
15 verbose pkgid live-stream@1.0.0
16 verbose cwd /home/vpatidar/live-stream
17 error Linux 4.4.0-36-generic
18 error argv "/usr/bin/nodejs" "/usr/local/bin/npm" "start"
19 error node v4.6.0
20 error npm  v3.10.7
21 error code ELIFECYCLE
22 error live-stream@1.0.0 start: `node app.js`
22 error Exit status 1
23 error Failed at the live-stream@1.0.0 start script 'node app.js'.
23 error Make sure you have the latest version of node.js and npm installed.
23 error If you do, this is most likely a problem with the live-stream package,
23 error not with npm itself.
23 error Tell the author that this fails on your system:
23 error     node app.js
23 error You can get information on how to open an issue for this project with:
23 error     npm bugs live-stream
23 error Or if that isn't available, you can get their info via:
23 error     npm owner ls live-stream
23 error There is likely additional logging output above.
24 verbose exit [ 1, true ]
